-------------------------------------------------------------------------------
Test set: TestSuite
-------------------------------------------------------------------------------
Tests run: 2, Failures: 1, Errors: 0, Skipped: 1, Time elapsed: 13.744 s <<< FAILURE! - in TestSuite
testScript.LoginTest.browserIntialization[chrome](0)  Time elapsed: 12.23 s  <<< FAILURE!
java.lang.NullPointerException

