<?xml version="1.0" encoding="UTF-8"?>
<!-- Generated by org.testng.reporters.JUnitXMLReporter -->
<testsuite ignored="3" hostname="DESKTOP-JK1AUDL" failures="0" tests="1" name="edgetest" time="25.446" errors="0" timestamp="2025-04-16T20:47:56 IST">
  <testcase classname="testScript.LoginTest" name="verifyWhetherUserIsAbleToLoginUsingValidCrenditials" time="1.377"/>
  <testcase classname="testScript.LoginTest" name="verifyWhetherUserIsAbleToLoginUsinginCorrectUsernameAndcorrectPassword" time="0.0">
    <ignored/>
  </testcase> <!-- verifyWhetherUserIsAbleToLoginUsinginCorrectUsernameAndcorrectPassword -->
  <testcase classname="testScript.LoginTest" name="verifyWhetherUserIsAbleToLoginUsinginCorrectUsernameAndincorrectPassword" time="0.0">
    <ignored/>
  </testcase> <!-- verifyWhetherUserIsAbleToLoginUsinginCorrectUsernameAndincorrectPassword -->
  <testcase classname="testScript.LoginTest" name="verifyWhetherUserIsAbleToLoginUsingCorrectUsernameAndIncorrectPassword" time="0.0">
    <ignored/>
  </testcase> <!-- verifyWhetherUserIsAbleToLoginUsingCorrectUsernameAndIncorrectPassword -->
</testsuite> <!-- edgetest -->
