<?xml version="1.0" encoding="UTF-8"?>
<!-- Generated by org.testng.reporters.JUnitXMLReporter -->
<testsuite ignored="3" hostname="DESKTOP-JK1AUDL" failures="0" tests="1" name="Test" time="9.628" errors="0" timestamp="2025-04-25T20:13:08 IST">
  <testcase classname="testScript.Base" name="@BeforeMethod browserInitialization" time="8.723">
    <failure type="java.lang.NullPointerException">
      <![CDATA[java.lang.NullPointerException
at java.base/java.util.Objects.requireNonNull(Objects.java:233)
at java.base/java.util.ImmutableCollections$Map1.<init>(ImmutableCollections.java:1112)
at java.base/java.util.Map.of(Map.java:1365)
at org.openqa.selenium.remote.DriverCommand.GET(DriverCommand.java:180)
at org.openqa.selenium.remote.RemoteWebDriver.get(RemoteWebDriver.java:313)
at testScript.Base.browserInitialization(Base.java:53)
at java.base/java.util.ArrayList.forEach(ArrayList.java:1596)
... Removed 33 stack frames]]>
    </failure>
  </testcase> <!-- @BeforeMethod browserInitialization -->
  <testcase classname="testScript.LoginTest" name="verifyWhetherUserIsAbleToLoginUsingValidCrenditials" time="0.0">
    <skipped/>
  </testcase> <!-- verifyWhetherUserIsAbleToLoginUsingValidCrenditials -->
  <testcase classname="testScript.LoginTest" name="verifyWhetherUserIsAbleToLoginUsinginCorrectUsernameAndincorrectPassword" time="0.0">
    <ignored/>
  </testcase> <!-- verifyWhetherUserIsAbleToLoginUsinginCorrectUsernameAndincorrectPassword -->
  <testcase classname="testScript.LoginTest" name="verifyWhetherUserIsAbleToLoginUsingCorrectUsernameAndIncorrectPassword" time="0.0">
    <ignored/>
  </testcase> <!-- verifyWhetherUserIsAbleToLoginUsingCorrectUsernameAndIncorrectPassword -->
  <testcase classname="testScript.LoginTest" name="verifyWhetherUserIsAbleToLoginUsinginCorrectUsernameAndcorrectPassword" time="0.0">
    <ignored/>
  </testcase> <!-- verifyWhetherUserIsAbleToLoginUsinginCorrectUsernameAndcorrectPassword -->
</testsuite> <!-- Test -->
