<?xml version="1.0" encoding="UTF-8"?>
<!-- Generated by org.testng.reporters.JUnitXMLReporter -->
<testsuite ignored="0" hostname="DESKTOP-JK1AUDL" failures="0" tests="1" name="Test" time="4.627" errors="0" timestamp="2025-04-25T18:49:03 IST">
  <testcase classname="testScript.Base" name="@BeforeMethod browserInitialization" time="4.238">
    <failure type="java.lang.NullPointerException">
      <![CDATA[java.lang.NullPointerException
at java.base/java.util.Objects.requireNonNull(Objects.java:233)
at java.base/java.util.ImmutableCollections$Map1.<init>(ImmutableCollections.java:1112)
at java.base/java.util.Map.of(Map.java:1365)
at org.openqa.selenium.remote.DriverCommand.GET(DriverCommand.java:180)
at org.openqa.selenium.remote.RemoteWebDriver.get(RemoteWebDriver.java:313)
at testScript.Base.browserInitialization(Base.java:53)
at java.base/java.util.ArrayList.forEach(ArrayList.java:1596)
... Removed 33 stack frames]]>
    </failure>
  </testcase> <!-- @BeforeMethod browserInitialization -->
  <testcase classname="testScript.AdminUsersTest" name="verifyThatUserIsAbleToSaveUserDeatils" time="0.001">
    <skipped/>
  </testcase> <!-- verifyThatUserIsAbleToSaveUserDeatils -->
</testsuite> <!-- Test -->
