<?xml version="1.0" encoding="UTF-8"?>
<testng-results ignored="0" total="1" passed="1" failed="0" skipped="0">
  <reporter-output>
  </reporter-output>
  <suite started-at="2025-04-25T20:55:12 IST" name="Suite" finished-at="2025-04-25T20:55:34 IST" duration-ms="21829">
    <groups>
    </groups>
    <test started-at="2025-04-25T20:55:12 IST" name="Test" finished-at="2025-04-25T20:55:34 IST" duration-ms="21829">
      <class name="testScript.LoginTest">
        <test-method is-config="true" signature="browserInitialization(java.lang.String)[pri:0, instance:testScript.LoginTest@1500b2f3]" started-at="2025-04-25T20:55:13 IST" name="browserInitialization" finished-at="2025-04-25T20:55:27 IST" duration-ms="14199" status="PASS">
          <params>
            <param index="0">
              <value>
                <![CDATA[chrome]]>
              </value>
            </param>
          </params>
          <reporter-output>
          </reporter-output>
        </test-method> <!-- browserInitialization -->
        <test-method signature="verifyWhetherUserIsAbleToLoginUsingValidCrenditials()[pri:0, instance:testScript.LoginTest@1500b2f3]" started-at="2025-04-25T20:55:27 IST" name="verifyWhetherUserIsAbleToLoginUsingValidCrenditials" finished-at="2025-04-25T20:55:33 IST" duration-ms="5862" status="PASS">
          <reporter-output>
          </reporter-output>
        </test-method> <!-- verifyWhetherUserIsAbleToLoginUsingValidCrenditials -->
        <test-method is-config="true" signature="driverQuit(org.testng.ITestResult)[pri:0, instance:testScript.LoginTest@1500b2f3]" started-at="2025-04-25T20:55:33 IST" name="driverQuit" finished-at="2025-04-25T20:55:34 IST" duration-ms="1549" status="PASS">
          <params>
            <param index="0">
              <value>
                <![CDATA[[TestResult name=verifyWhetherUserIsAbleToLoginUsingValidCrenditials status=SUCCESS method=LoginTest.verifyWhetherUserIsAbleToLoginUsingValidCrenditials()[pri:0, instance:testScript.LoginTest@1500b2f3] output={null}]]]>
              </value>
            </param>
          </params>
          <reporter-output>
          </reporter-output>
        </test-method> <!-- driverQuit -->
      </class> <!-- testScript.LoginTest -->
    </test> <!-- Test -->
  </suite> <!-- Suite -->
</testng-results>
