<?xml version="1.0" encoding="UTF-8"?>
<!-- Generated by org.testng.reporters.JUnitXMLReporter -->
<testsuite ignored="3" hostname="DESKTOP-JK1AUDL" failures="0" tests="1" name="Test" time="21.829" errors="0" timestamp="2025-04-25T20:55:36 IST">
  <testcase classname="testScript.LoginTest" name="verifyWhetherUserIsAbleToLoginUsingValidCrenditials" time="5.862"/>
  <testcase classname="testScript.LoginTest" name="verifyWhetherUserIsAbleToLoginUsingCorrectUsernameAndIncorrectPassword" time="0.0">
    <ignored/>
  </testcase> <!-- verifyWhetherUserIsAbleToLoginUsingCorrectUsernameAndIncorrectPassword -->
  <testcase classname="testScript.LoginTest" name="verifyWhetherUserIsAbleToLoginUsinginCorrectUsernameAndcorrectPassword" time="0.0">
    <ignored/>
  </testcase> <!-- verifyWhetherUserIsAbleToLoginUsinginCorrectUsernameAndcorrectPassword -->
  <testcase classname="testScript.LoginTest" name="verifyWhetherUserIsAbleToLoginUsinginCorrectUsernameAndincorrectPassword" time="0.0">
    <ignored/>
  </testcase> <!-- verifyWhetherUserIsAbleToLoginUsinginCorrectUsernameAndincorrectPassword -->
</testsuite> <!-- Test -->
